1731499487.171056 client started (4354): version 3.3a, socket /tmp/tmux-1000/default, protocol 8
1731499487.171073 on Linux 5.15.167.4-microsoft-standard-WSL2 #1 SMP Tue Nov 5 00:21:55 UTC 2024
1731499487.171076 using libevent 2.1.12-stable (poll); ncurses 6.3
1731499487.171084 flags are 0x10010000
1731499487.171086 socket is /tmp/tmux-1000/default
1731499487.171100 trying connect
1731499487.171154 add peer 0x5561fdcbd800: 6 ((nil))
1731499487.171313 sending message 100 to peer 0x5561fdcbd800 (4 bytes)
1731499487.171318 sending message 111 to peer 0x5561fdcbd800 (8 bytes)
1731499487.171321 sending message 101 to peer 0x5561fdcbd800 (14 bytes)
1731499487.171322 sending message 109 to peer 0x5561fdcbd800 (4 bytes)
1731499487.171324 sending message 102 to peer 0x5561fdcbd800 (11 bytes)
1731499487.171326 sending message 108 to peer 0x5561fdcbd800 (22 bytes)
1731499487.171328 sending message 112 to peer 0x5561fdcbd800 (70 bytes)
1731499487.171330 sending message 112 to peer 0x5561fdcbd800 (5 bytes)
1731499487.171332 sending message 112 to peer 0x5561fdcbd800 (5 bytes)
1731499487.171333 sending message 112 to peer 0x5561fdcbd800 (6 bytes)
1731499487.171335 sending message 112 to peer 0x5561fdcbd800 (6 bytes)
1731499487.171337 sending message 112 to peer 0x5561fdcbd800 (11 bytes)
1731499487.171339 sending message 112 to peer 0x5561fdcbd800 (10 bytes)
1731499487.171341 sending message 112 to peer 0x5561fdcbd800 (13 bytes)
1731499487.171343 sending message 112 to peer 0x5561fdcbd800 (13 bytes)
1731499487.171344 sending message 112 to peer 0x5561fdcbd800 (18 bytes)
1731499487.171346 sending message 112 to peer 0x5561fdcbd800 (11 bytes)
1731499487.171348 sending message 112 to peer 0x5561fdcbd800 (10 bytes)
1731499487.171350 sending message 112 to peer 0x5561fdcbd800 (15 bytes)
1731499487.171352 sending message 112 to peer 0x5561fdcbd800 (21 bytes)
1731499487.171354 sending message 112 to peer 0x5561fdcbd800 (13 bytes)
1731499487.171355 sending message 112 to peer 0x5561fdcbd800 (7 bytes)
1731499487.171357 sending message 112 to peer 0x5561fdcbd800 (13 bytes)
1731499487.171359 sending message 112 to peer 0x5561fdcbd800 (7 bytes)
1731499487.171361 sending message 112 to peer 0x5561fdcbd800 (13 bytes)
1731499487.171363 sending message 112 to peer 0x5561fdcbd800 (9 bytes)
1731499487.171365 sending message 112 to peer 0x5561fdcbd800 (21 bytes)
1731499487.171366 sending message 112 to peer 0x5561fdcbd800 (13 bytes)
1731499487.171368 sending message 112 to peer 0x5561fdcbd800 (8 bytes)
1731499487.171370 sending message 112 to peer 0x5561fdcbd800 (12 bytes)
1731499487.171372 sending message 112 to peer 0x5561fdcbd800 (13 bytes)
1731499487.171373 sending message 112 to peer 0x5561fdcbd800 (9 bytes)
1731499487.171375 sending message 112 to peer 0x5561fdcbd800 (9 bytes)
1731499487.171377 sending message 112 to peer 0x5561fdcbd800 (12 bytes)
1731499487.171379 sending message 112 to peer 0x5561fdcbd800 (8 bytes)
1731499487.171381 sending message 112 to peer 0x5561fdcbd800 (8 bytes)
1731499487.171383 sending message 112 to peer 0x5561fdcbd800 (7 bytes)
1731499487.171385 sending message 112 to peer 0x5561fdcbd800 (7 bytes)
1731499487.171386 sending message 112 to peer 0x5561fdcbd800 (9 bytes)
1731499487.171388 sending message 112 to peer 0x5561fdcbd800 (13 bytes)
1731499487.171390 sending message 112 to peer 0x5561fdcbd800 (6 bytes)
1731499487.171392 sending message 112 to peer 0x5561fdcbd800 (9 bytes)
1731499487.171394 sending message 112 to peer 0x5561fdcbd800 (15 bytes)
1731499487.171395 sending message 112 to peer 0x5561fdcbd800 (13 bytes)
1731499487.171397 sending message 112 to peer 0x5561fdcbd800 (12 bytes)
1731499487.171399 sending message 112 to peer 0x5561fdcbd800 (8 bytes)
1731499487.171401 sending message 112 to peer 0x5561fdcbd800 (14 bytes)
1731499487.171403 sending message 112 to peer 0x5561fdcbd800 (11 bytes)
1731499487.171404 sending message 112 to peer 0x5561fdcbd800 (9 bytes)
1731499487.171406 sending message 112 to peer 0x5561fdcbd800 (10 bytes)
1731499487.171408 sending message 112 to peer 0x5561fdcbd800 (10 bytes)
1731499487.171410 sending message 112 to peer 0x5561fdcbd800 (10 bytes)
1731499487.171415 sending message 112 to peer 0x5561fdcbd800 (10 bytes)
1731499487.171417 sending message 112 to peer 0x5561fdcbd800 (11 bytes)
1731499487.171419 sending message 112 to peer 0x5561fdcbd800 (12 bytes)
1731499487.171421 sending message 112 to peer 0x5561fdcbd800 (12 bytes)
1731499487.171423 sending message 112 to peer 0x5561fdcbd800 (12 bytes)
1731499487.171424 sending message 112 to peer 0x5561fdcbd800 (12 bytes)
1731499487.171426 sending message 112 to peer 0x5561fdcbd800 (12 bytes)
1731499487.171428 sending message 112 to peer 0x5561fdcbd800 (11 bytes)
1731499487.171430 sending message 112 to peer 0x5561fdcbd800 (11 bytes)
1731499487.171441 sending message 112 to peer 0x5561fdcbd800 (12 bytes)
1731499487.171446 sending message 112 to peer 0x5561fdcbd800 (12 bytes)
1731499487.171448 sending message 112 to peer 0x5561fdcbd800 (12 bytes)
1731499487.171450 sending message 112 to peer 0x5561fdcbd800 (12 bytes)
1731499487.171452 sending message 112 to peer 0x5561fdcbd800 (12 bytes)
1731499487.171454 sending message 112 to peer 0x5561fdcbd800 (10 bytes)
1731499487.171456 sending message 112 to peer 0x5561fdcbd800 (12 bytes)
1731499487.171458 sending message 112 to peer 0x5561fdcbd800 (13 bytes)
1731499487.171459 sending message 112 to peer 0x5561fdcbd800 (13 bytes)
1731499487.171461 sending message 112 to peer 0x5561fdcbd800 (13 bytes)
1731499487.171463 sending message 112 to peer 0x5561fdcbd800 (13 bytes)
1731499487.171465 sending message 112 to peer 0x5561fdcbd800 (13 bytes)
1731499487.171467 sending message 112 to peer 0x5561fdcbd800 (8 bytes)
1731499487.171468 sending message 112 to peer 0x5561fdcbd800 (11 bytes)
1731499487.171470 sending message 112 to peer 0x5561fdcbd800 (11 bytes)
1731499487.171472 sending message 112 to peer 0x5561fdcbd800 (11 bytes)
1731499487.171474 sending message 112 to peer 0x5561fdcbd800 (12 bytes)
1731499487.171475 sending message 112 to peer 0x5561fdcbd800 (12 bytes)
1731499487.171477 sending message 112 to peer 0x5561fdcbd800 (12 bytes)
1731499487.171479 sending message 112 to peer 0x5561fdcbd800 (12 bytes)
1731499487.171481 sending message 112 to peer 0x5561fdcbd800 (13 bytes)
1731499487.171482 sending message 112 to peer 0x5561fdcbd800 (13 bytes)
1731499487.171484 sending message 112 to peer 0x5561fdcbd800 (13 bytes)
1731499487.171486 sending message 112 to peer 0x5561fdcbd800 (8 bytes)
1731499487.171488 sending message 112 to peer 0x5561fdcbd800 (13 bytes)
1731499487.171489 sending message 112 to peer 0x5561fdcbd800 (13 bytes)
1731499487.171491 sending message 112 to peer 0x5561fdcbd800 (13 bytes)
1731499487.171493 sending message 112 to peer 0x5561fdcbd800 (13 bytes)
1731499487.171495 sending message 112 to peer 0x5561fdcbd800 (13 bytes)
1731499487.171496 sending message 112 to peer 0x5561fdcbd800 (12 bytes)
1731499487.171498 sending message 112 to peer 0x5561fdcbd800 (12 bytes)
1731499487.171500 sending message 112 to peer 0x5561fdcbd800 (12 bytes)
1731499487.171502 sending message 112 to peer 0x5561fdcbd800 (12 bytes)
1731499487.171504 sending message 112 to peer 0x5561fdcbd800 (13 bytes)
1731499487.171505 sending message 112 to peer 0x5561fdcbd800 (8 bytes)
1731499487.171507 sending message 112 to peer 0x5561fdcbd800 (13 bytes)
1731499487.171509 sending message 112 to peer 0x5561fdcbd800 (13 bytes)
1731499487.171511 sending message 112 to peer 0x5561fdcbd800 (13 bytes)
1731499487.171512 sending message 112 to peer 0x5561fdcbd800 (13 bytes)
1731499487.171514 sending message 112 to peer 0x5561fdcbd800 (13 bytes)
1731499487.171516 sending message 112 to peer 0x5561fdcbd800 (13 bytes)
1731499487.171518 sending message 112 to peer 0x5561fdcbd800 (13 bytes)
1731499487.171520 sending message 112 to peer 0x5561fdcbd800 (12 bytes)
1731499487.171521 sending message 112 to peer 0x5561fdcbd800 (12 bytes)
1731499487.171523 sending message 112 to peer 0x5561fdcbd800 (12 bytes)
1731499487.171525 sending message 112 to peer 0x5561fdcbd800 (8 bytes)
1731499487.171527 sending message 112 to peer 0x5561fdcbd800 (12 bytes)
1731499487.171529 sending message 112 to peer 0x5561fdcbd800 (13 bytes)
1731499487.171533 sending message 112 to peer 0x5561fdcbd800 (13 bytes)
1731499487.171535 sending message 112 to peer 0x5561fdcbd800 (13 bytes)
1731499487.171537 sending message 112 to peer 0x5561fdcbd800 (13 bytes)
1731499487.171539 sending message 112 to peer 0x5561fdcbd800 (13 bytes)
1731499487.171541 sending message 112 to peer 0x5561fdcbd800 (13 bytes)
1731499487.171542 sending message 112 to peer 0x5561fdcbd800 (13 bytes)
1731499487.171544 sending message 112 to peer 0x5561fdcbd800 (13 bytes)
1731499487.171546 sending message 112 to peer 0x5561fdcbd800 (12 bytes)
1731499487.171548 sending message 112 to peer 0x5561fdcbd800 (10 bytes)
1731499487.171549 sending message 112 to peer 0x5561fdcbd800 (12 bytes)
1731499487.171551 sending message 112 to peer 0x5561fdcbd800 (12 bytes)
1731499487.171553 sending message 112 to peer 0x5561fdcbd800 (12 bytes)
1731499487.171555 sending message 112 to peer 0x5561fdcbd800 (13 bytes)
1731499487.171557 sending message 112 to peer 0x5561fdcbd800 (13 bytes)
1731499487.171558 sending message 112 to peer 0x5561fdcbd800 (13 bytes)
1731499487.171560 sending message 112 to peer 0x5561fdcbd800 (13 bytes)
1731499487.171562 sending message 112 to peer 0x5561fdcbd800 (13 bytes)
1731499487.171564 sending message 112 to peer 0x5561fdcbd800 (13 bytes)
1731499487.171566 sending message 112 to peer 0x5561fdcbd800 (13 bytes)
1731499487.171567 sending message 112 to peer 0x5561fdcbd800 (10 bytes)
1731499487.171569 sending message 112 to peer 0x5561fdcbd800 (13 bytes)
1731499487.171571 sending message 112 to peer 0x5561fdcbd800 (12 bytes)
1731499487.171573 sending message 112 to peer 0x5561fdcbd800 (12 bytes)
1731499487.171574 sending message 112 to peer 0x5561fdcbd800 (12 bytes)
1731499487.171577 sending message 112 to peer 0x5561fdcbd800 (10 bytes)
1731499487.171580 sending message 112 to peer 0x5561fdcbd800 (10 bytes)
1731499487.171583 sending message 112 to peer 0x5561fdcbd800 (10 bytes)
1731499487.171586 sending message 112 to peer 0x5561fdcbd800 (12 bytes)
1731499487.171589 sending message 112 to peer 0x5561fdcbd800 (13 bytes)
1731499487.171591 sending message 112 to peer 0x5561fdcbd800 (13 bytes)
1731499487.171593 sending message 112 to peer 0x5561fdcbd800 (13 bytes)
1731499487.171595 sending message 112 to peer 0x5561fdcbd800 (13 bytes)
1731499487.171596 sending message 112 to peer 0x5561fdcbd800 (13 bytes)
1731499487.171598 sending message 112 to peer 0x5561fdcbd800 (11 bytes)
1731499487.171600 sending message 112 to peer 0x5561fdcbd800 (11 bytes)
1731499487.171602 sending message 112 to peer 0x5561fdcbd800 (12 bytes)
1731499487.171603 sending message 112 to peer 0x5561fdcbd800 (12 bytes)
1731499487.171605 sending message 112 to peer 0x5561fdcbd800 (12 bytes)
1731499487.171607 sending message 112 to peer 0x5561fdcbd800 (12 bytes)
1731499487.171608 sending message 112 to peer 0x5561fdcbd800 (12 bytes)
1731499487.171610 sending message 112 to peer 0x5561fdcbd800 (11 bytes)
1731499487.171612 sending message 112 to peer 0x5561fdcbd800 (12 bytes)
1731499487.171614 sending message 112 to peer 0x5561fdcbd800 (12 bytes)
1731499487.171616 sending message 112 to peer 0x5561fdcbd800 (13 bytes)
1731499487.171617 sending message 112 to peer 0x5561fdcbd800 (13 bytes)
1731499487.171619 sending message 112 to peer 0x5561fdcbd800 (13 bytes)
1731499487.171621 sending message 112 to peer 0x5561fdcbd800 (13 bytes)
1731499487.171622 sending message 112 to peer 0x5561fdcbd800 (13 bytes)
1731499487.171624 sending message 112 to peer 0x5561fdcbd800 (10 bytes)
1731499487.171626 sending message 112 to peer 0x5561fdcbd800 (9 bytes)
1731499487.171628 sending message 112 to peer 0x5561fdcbd800 (12 bytes)
1731499487.171630 sending message 112 to peer 0x5561fdcbd800 (13 bytes)
1731499487.171631 sending message 112 to peer 0x5561fdcbd800 (13 bytes)
1731499487.171633 sending message 112 to peer 0x5561fdcbd800 (13 bytes)
1731499487.171635 sending message 112 to peer 0x5561fdcbd800 (13 bytes)
1731499487.171636 sending message 112 to peer 0x5561fdcbd800 (13 bytes)
1731499487.171641 sending message 112 to peer 0x5561fdcbd800 (9 bytes)
1731499487.171643 sending message 112 to peer 0x5561fdcbd800 (12 bytes)
1731499487.171644 sending message 112 to peer 0x5561fdcbd800 (13 bytes)
1731499487.171646 sending message 112 to peer 0x5561fdcbd800 (13 bytes)
1731499487.171648 sending message 112 to peer 0x5561fdcbd800 (13 bytes)
1731499487.171650 sending message 112 to peer 0x5561fdcbd800 (13 bytes)
1731499487.171652 sending message 112 to peer 0x5561fdcbd800 (13 bytes)
1731499487.171653 sending message 112 to peer 0x5561fdcbd800 (11 bytes)
1731499487.171655 sending message 112 to peer 0x5561fdcbd800 (12 bytes)
1731499487.171657 sending message 112 to peer 0x5561fdcbd800 (13 bytes)
1731499487.171659 sending message 112 to peer 0x5561fdcbd800 (13 bytes)
1731499487.171661 sending message 112 to peer 0x5561fdcbd800 (13 bytes)
1731499487.171663 sending message 112 to peer 0x5561fdcbd800 (13 bytes)
1731499487.171664 sending message 112 to peer 0x5561fdcbd800 (13 bytes)
1731499487.171666 sending message 112 to peer 0x5561fdcbd800 (11 bytes)
1731499487.171670 sending message 112 to peer 0x5561fdcbd800 (12 bytes)
1731499487.171672 sending message 112 to peer 0x5561fdcbd800 (12 bytes)
1731499487.171674 sending message 112 to peer 0x5561fdcbd800 (12 bytes)
1731499487.171675 sending message 112 to peer 0x5561fdcbd800 (12 bytes)
1731499487.171677 sending message 112 to peer 0x5561fdcbd800 (12 bytes)
1731499487.171679 sending message 112 to peer 0x5561fdcbd800 (21 bytes)
1731499487.171681 sending message 112 to peer 0x5561fdcbd800 (12 bytes)
1731499487.171682 sending message 112 to peer 0x5561fdcbd800 (9 bytes)
1731499487.171684 sending message 112 to peer 0x5561fdcbd800 (6 bytes)
1731499487.171686 sending message 112 to peer 0x5561fdcbd800 (13 bytes)
1731499487.171688 sending message 112 to peer 0x5561fdcbd800 (8 bytes)
1731499487.171689 sending message 112 to peer 0x5561fdcbd800 (15 bytes)
1731499487.171691 sending message 112 to peer 0x5561fdcbd800 (13 bytes)
1731499487.171693 sending message 112 to peer 0x5561fdcbd800 (9 bytes)
1731499487.171695 sending message 112 to peer 0x5561fdcbd800 (70 bytes)
1731499487.171696 sending message 112 to peer 0x5561fdcbd800 (69 bytes)
1731499487.171698 sending message 112 to peer 0x5561fdcbd800 (10 bytes)
1731499487.171700 sending message 112 to peer 0x5561fdcbd800 (10 bytes)
1731499487.171702 sending message 112 to peer 0x5561fdcbd800 (8 bytes)
1731499487.171703 sending message 112 to peer 0x5561fdcbd800 (15 bytes)
1731499487.171705 sending message 112 to peer 0x5561fdcbd800 (13 bytes)
1731499487.171708 sending message 112 to peer 0x5561fdcbd800 (10 bytes)
1731499487.171709 sending message 112 to peer 0x5561fdcbd800 (10 bytes)
1731499487.171711 sending message 112 to peer 0x5561fdcbd800 (17 bytes)
1731499487.171713 sending message 112 to peer 0x5561fdcbd800 (10 bytes)
1731499487.171715 sending message 112 to peer 0x5561fdcbd800 (13 bytes)
1731499487.171716 sending message 112 to peer 0x5561fdcbd800 (9 bytes)
1731499487.171718 sending message 112 to peer 0x5561fdcbd800 (5 bytes)
1731499487.171720 sending message 112 to peer 0x5561fdcbd800 (15 bytes)
1731499487.171722 sending message 104 to peer 0x5561fdcbd800 (0 bytes)
1731499487.171724 sending message 110 to peer 0x5561fdcbd800 (0 bytes)
1731499487.171726 sending message 107 to peer 0x5561fdcbd800 (4 bytes)
1731499487.171728 sending message 105 to peer 0x5561fdcbd800 (54 bytes)
1731499487.171730 sending message 105 to peer 0x5561fdcbd800 (11 bytes)
1731499487.171732 sending message 105 to peer 0x5561fdcbd800 (31 bytes)
1731499487.171733 sending message 105 to peer 0x5561fdcbd800 (12 bytes)
1731499487.171735 sending message 105 to peer 0x5561fdcbd800 (43 bytes)
1731499487.171738 sending message 105 to peer 0x5561fdcbd800 (49 bytes)
1731499487.171740 sending message 105 to peer 0x5561fdcbd800 (50 bytes)
1731499487.171741 sending message 105 to peer 0x5561fdcbd800 (24 bytes)
1731499487.171743 sending message 105 to peer 0x5561fdcbd800 (17 bytes)
1731499487.171745 sending message 105 to peer 0x5561fdcbd800 (50 bytes)
1731499487.171746 sending message 105 to peer 0x5561fdcbd800 (27 bytes)
1731499487.171750 sending message 105 to peer 0x5561fdcbd800 (43 bytes)
1731499487.171752 sending message 105 to peer 0x5561fdcbd800 (56 bytes)
1731499487.171754 sending message 105 to peer 0x5561fdcbd800 (16 bytes)
1731499487.171755 sending message 105 to peer 0x5561fdcbd800 (86 bytes)
1731499487.171757 sending message 105 to peer 0x5561fdcbd800 (17 bytes)
1731499487.171759 sending message 105 to peer 0x5561fdcbd800 (19 bytes)
1731499487.171761 sending message 105 to peer 0x5561fdcbd800 (14 bytes)
1731499487.171762 sending message 105 to peer 0x5561fdcbd800 (15 bytes)
1731499487.171765 sending message 105 to peer 0x5561fdcbd800 (29 bytes)
1731499487.171767 sending message 105 to peer 0x5561fdcbd800 (11 bytes)
1731499487.171769 sending message 105 to peer 0x5561fdcbd800 (1222 bytes)
1731499487.171782 sending message 105 to peer 0x5561fdcbd800 (40 bytes)
1731499487.171784 sending message 105 to peer 0x5561fdcbd800 (26 bytes)
1731499487.171786 sending message 105 to peer 0x5561fdcbd800 (19 bytes)
1731499487.171788 sending message 105 to peer 0x5561fdcbd800 (8 bytes)
1731499487.171789 sending message 105 to peer 0x5561fdcbd800 (18 bytes)
1731499487.171791 sending message 105 to peer 0x5561fdcbd800 (46 bytes)
1731499487.171793 sending message 105 to peer 0x5561fdcbd800 (38 bytes)
1731499487.171795 sending message 105 to peer 0x5561fdcbd800 (19 bytes)
1731499487.171797 sending message 105 to peer 0x5561fdcbd800 (19 bytes)
1731499487.171798 sending message 105 to peer 0x5561fdcbd800 (18 bytes)
1731499487.171800 sending message 105 to peer 0x5561fdcbd800 (26 bytes)
1731499487.171802 sending message 105 to peer 0x5561fdcbd800 (35 bytes)
1731499487.171804 sending message 105 to peer 0x5561fdcbd800 (13 bytes)
1731499487.171805 sending message 105 to peer 0x5561fdcbd800 (59 bytes)
1731499487.171807 sending message 105 to peer 0x5561fdcbd800 (11 bytes)
1731499487.171809 sending message 105 to peer 0x5561fdcbd800 (12 bytes)
1731499487.171811 sending message 105 to peer 0x5561fdcbd800 (26 bytes)
1731499487.171813 sending message 105 to peer 0x5561fdcbd800 (24 bytes)
1731499487.171814 sending message 105 to peer 0x5561fdcbd800 (33 bytes)
1731499487.171816 sending message 105 to peer 0x5561fdcbd800 (23 bytes)
1731499487.171818 sending message 105 to peer 0x5561fdcbd800 (33 bytes)
1731499487.171820 sending message 105 to peer 0x5561fdcbd800 (53 bytes)
1731499487.171822 sending message 105 to peer 0x5561fdcbd800 (48 bytes)
1731499487.171823 sending message 105 to peer 0x5561fdcbd800 (32 bytes)
1731499487.171825 sending message 105 to peer 0x5561fdcbd800 (16 bytes)
1731499487.171827 sending message 105 to peer 0x5561fdcbd800 (11 bytes)
1731499487.171829 sending message 105 to peer 0x5561fdcbd800 (16 bytes)
1731499487.171830 sending message 105 to peer 0x5561fdcbd800 (13 bytes)
1731499487.171832 sending message 105 to peer 0x5561fdcbd800 (121 bytes)
1731499487.171834 sending message 105 to peer 0x5561fdcbd800 (37 bytes)
1731499487.171836 sending message 105 to peer 0x5561fdcbd800 (45 bytes)
1731499487.171838 sending message 105 to peer 0x5561fdcbd800 (57 bytes)
1731499487.171840 sending message 105 to peer 0x5561fdcbd800 (189 bytes)
1731499487.171842 sending message 105 to peer 0x5561fdcbd800 (105 bytes)
1731499487.171843 sending message 105 to peer 0x5561fdcbd800 (263 bytes)
1731499487.171845 sending message 105 to peer 0x5561fdcbd800 (199 bytes)
1731499487.171847 sending message 105 to peer 0x5561fdcbd800 (61 bytes)
1731499487.171849 sending message 105 to peer 0x5561fdcbd800 (40 bytes)
1731499487.171851 sending message 105 to peer 0x5561fdcbd800 (21 bytes)
1731499487.171853 sending message 105 to peer 0x5561fdcbd800 (57 bytes)
1731499487.171855 sending message 105 to peer 0x5561fdcbd800 (36 bytes)
1731499487.171856 sending message 105 to peer 0x5561fdcbd800 (66 bytes)
1731499487.171858 sending message 105 to peer 0x5561fdcbd800 (41 bytes)
1731499487.171860 sending message 105 to peer 0x5561fdcbd800 (60 bytes)
1731499487.171862 sending message 105 to peer 0x5561fdcbd800 (29 bytes)
1731499487.171866 sending message 105 to peer 0x5561fdcbd800 (48 bytes)
1731499487.171868 sending message 105 to peer 0x5561fdcbd800 (29 bytes)
1731499487.171870 sending message 105 to peer 0x5561fdcbd800 (125 bytes)
1731499487.171872 sending message 105 to peer 0x5561fdcbd800 (54 bytes)
1731499487.171874 sending message 105 to peer 0x5561fdcbd800 (96 bytes)
1731499487.171875 sending message 105 to peer 0x5561fdcbd800 (16 bytes)
1731499487.171877 sending message 105 to peer 0x5561fdcbd800 (16 bytes)
1731499487.171879 sending message 105 to peer 0x5561fdcbd800 (16 bytes)
1731499487.171881 sending message 105 to peer 0x5561fdcbd800 (16 bytes)
1731499487.171883 sending message 105 to peer 0x5561fdcbd800 (16 bytes)
1731499487.171884 sending message 105 to peer 0x5561fdcbd800 (11 bytes)
1731499487.171886 sending message 105 to peer 0x5561fdcbd800 (14 bytes)
1731499487.171888 sending message 105 to peer 0x5561fdcbd800 (32 bytes)
1731499487.171890 sending message 105 to peer 0x5561fdcbd800 (30 bytes)
1731499487.171891 sending message 105 to peer 0x5561fdcbd800 (25 bytes)
1731499487.171893 sending message 105 to peer 0x5561fdcbd800 (31 bytes)
1731499487.171895 sending message 105 to peer 0x5561fdcbd800 (28 bytes)
1731499487.171897 sending message 105 to peer 0x5561fdcbd800 (15 bytes)
1731499487.171899 sending message 105 to peer 0x5561fdcbd800 (30 bytes)
1731499487.171901 sending message 105 to peer 0x5561fdcbd800 (40 bytes)
1731499487.171902 sending message 105 to peer 0x5561fdcbd800 (23 bytes)
1731499487.171904 sending message 105 to peer 0x5561fdcbd800 (35 bytes)
1731499487.171906 sending message 105 to peer 0x5561fdcbd800 (15 bytes)
1731499487.171908 sending message 105 to peer 0x5561fdcbd800 (12 bytes)
1731499487.171910 sending message 105 to peer 0x5561fdcbd800 (15 bytes)
1731499487.171911 sending message 106 to peer 0x5561fdcbd800 (0 bytes)
1731499487.171993 sending message 200 to peer 0x5561fdcbd800 (4 bytes)
1731499487.171998 client loop enter
1731499487.172364 peer 0x5561fdcbd800 message 303
1731499487.172371 open write file 2 -
1731499487.172376 sending message 305 to peer 0x5561fdcbd800 (8 bytes)
1731499487.172381 write check file 2
1731499487.172530 peer 0x5561fdcbd800 message 304
1731499487.172535 write 58 to file 2
1731499487.172539 peer 0x5561fdcbd800 message 203
1731499487.172541 file 2 58 bytes left
1731499487.172566 write check file 2
1731499487.172571 client loop exit
